[INFO] Scanning for projects...
[INFO] Downloading: https://repo.maven.apache.org/maven2/org/sonatype/plugins/nexus-staging-maven-plugin/1.6.8/nexus-staging-maven-plugin-1.6.8.pom
[INFO] Downloaded: https://repo.maven.apache.org/maven2/org/sonatype/plugins/nexus-staging-maven-plugin/1.6.8/nexus-staging-maven-plugin-1.6.8.pom (12 KB at 41.3 KB/sec)
[INFO] Downloading: https://repo.maven.apache.org/maven2/org/sonatype/nexus/maven/nexus-staging/1.6.8/nexus-staging-1.6.8.pom
[INFO] Downloaded: https://repo.maven.apache.org/maven2/org/sonatype/nexus/maven/nexus-staging/1.6.8/nexus-staging-1.6.8.pom (3 KB at 122.5 KB/sec)
[INFO] Downloading: https://repo.maven.apache.org/maven2/org/sonatype/nexus/maven/nexus-maven-plugins/1.6.8/nexus-maven-plugins-1.6.8.pom
[INFO] Downloaded: https://repo.maven.apache.org/maven2/org/sonatype/nexus/maven/nexus-maven-plugins/1.6.8/nexus-maven-plugins-1.6.8.pom (18 KB at 634.9 KB/sec)
[INFO] Downloading: https://repo.maven.apache.org/maven2/org/sonatype/nexus/maven/nexus-common/1.6.8/nexus-common-1.6.8.pom
[INFO] Downloaded: https://repo.maven.apache.org/maven2/org/sonatype/nexus/maven/nexus-common/1.6.8/nexus-common-1.6.8.pom (3 KB at 98.6 KB/sec)
[INFO] Downloading: https://repo.maven.apache.org/maven2/org/sonatype/nexus/nexus-client-core/2.14.3-02/nexus-client-core-2.14.3-02.pom
[INFO] Downloaded: https://repo.maven.apache.org/maven2/org/sonatype/nexus/nexus-client-core/2.14.3-02/nexus-client-core-2.14.3-02.pom (5 KB at 209.0 KB/sec)
[INFO] Downloading: https://repo.maven.apache.org/maven2/org/sonatype/nexus/nexus-components/2.14.3-02/nexus-components-2.14.3-02.pom
[INFO] Downloaded: https://repo.maven.apache.org/maven2/org/sonatype/nexus/nexus-components/2.14.3-02/nexus-components-2.14.3-02.pom (3 KB at 126.8 KB/sec)
[INFO] Downloading: https://repo.maven.apache.org/maven2/org/sonatype/nexus/nexus-parent/2.14.3-02/nexus-parent-2.14.3-02.pom
[INFO] Downloaded: https://repo.maven.apache.org/maven2/org/sonatype/nexus/nexus-parent/2.14.3-02/nexus-parent-2.14.3-02.pom (38 KB at 1284.2 KB/sec)
[INFO] Downloading: https://repo.maven.apache.org/maven2/org/sonatype/buildsupport/public-parent/9/public-parent-9.pom
[INFO] Downloaded: https://repo.maven.apache.org/maven2/org/sonatype/buildsupport/public-parent/9/public-parent-9.pom (760 B at 35.3 KB/sec)
[INFO] Downloading: https://repo.maven.apache.org/maven2/org/sonatype/buildsupport/buildsupport/9/buildsupport-9.pom
[INFO] Downloaded: https://repo.maven.apache.org/maven2/org/sonatype/buildsupport/buildsupport/9/buildsupport-9.pom (24 KB at 959.0 KB/sec)
[INFO] Downloading: https://repo.maven.apache.org/maven2/org/sonatype/nexus/buildsupport/nexus-buildsupport-all/2.14.3-02/nexus-buildsupport-all-2.14.3-02.pom
[INFO] Downloaded: https://repo.maven.apache.org/maven2/org/sonatype/nexus/buildsupport/nexus-buildsupport-all/2.14.3-02/nexus-buildsupport-all-2.14.3-02.pom (7 KB at 262.9 KB/sec)
[INFO] Downloading: https://repo.maven.apache.org/maven2/org/sonatype/nexus/buildsupport/nexus-buildsupport/2.14.3-02/nexus-buildsupport-2.14.3-02.pom
[INFO] Downloaded: https://repo.maven.apache.org/maven2/org/sonatype/nexus/buildsupport/nexus-buildsupport/2.14.3-02/nexus-buildsupport-2.14.3-02.pom (3 KB at 54.3 KB/sec)
[INFO] Downloading: https://repository.sonatype.org/content/groups/sonatype-public-grid/org/sonatype/nexus/buildsupport/nexus-buildsupport-commons/2.14.3-02/nexus-buildsupport-commons-2.14.3-02.pom
[INFO] Downloaded: https://repository.sonatype.org/content/groups/sonatype-public-grid/org/sonatype/nexus/buildsupport/nexus-buildsupport-commons/2.14.3-02/nexus-buildsupport-commons-2.14.3-02.pom (4 KB at 5.5 KB/sec)
[INFO] Downloading: https://repository.sonatype.org/content/groups/sonatype-public-grid/org/sonatype/nexus/buildsupport/nexus-buildsupport-db/2.14.3-02/nexus-buildsupport-db-2.14.3-02.pom
[INFO] Downloaded: https://repository.sonatype.org/content/groups/sonatype-public-grid/org/sonatype/nexus/buildsupport/nexus-buildsupport-db/2.14.3-02/nexus-buildsupport-db-2.14.3-02.pom (4 KB at 14.4 KB/sec)
[INFO] Downloading: https://repository.sonatype.org/content/groups/sonatype-public-grid/org/sonatype/nexus/buildsupport/nexus-buildsupport-gwt/2.14.3-02/nexus-buildsupport-gwt-2.14.3-02.pom
[INFO] Downloaded: https://repository.sonatype.org/content/groups/sonatype-public-grid/org/sonatype/nexus/buildsupport/nexus-buildsupport-gwt/2.14.3-02/nexus-buildsupport-gwt-2.14.3-02.pom (3 KB at 9.4 KB/sec)
[INFO] Downloading: https://repository.sonatype.org/content/groups/sonatype-public-grid/org/sonatype/nexus/buildsupport/nexus-buildsupport-httpclient/2.14.3-02/nexus-buildsupport-httpclient-2.14.3-02.pom
[INFO] Downloaded: https://repository.sonatype.org/content/groups/sonatype-public-grid/org/sonatype/nexus/buildsupport/nexus-buildsupport-httpclient/2.14.3-02/nexus-buildsupport-httpclient-2.14.3-02.pom (3 KB at 9.5 KB/sec)
[INFO] Downloading: https://repository.sonatype.org/content/groups/sonatype-public-grid/org/sonatype/nexus/buildsupport/nexus-buildsupport-insight/2.14.3-02/nexus-buildsupport-insight-2.14.3-02.pom
[INFO] Downloaded: https://repository.sonatype.org/content/groups/sonatype-public-grid/org/sonatype/nexus/buildsupport/nexus-buildsupport-insight/2.14.3-02/nexus-buildsupport-insight-2.14.3-02.pom (5 KB at 19.6 KB/sec)
[INFO] Downloading: https://repository.sonatype.org/content/groups/sonatype-public-grid/org/sonatype/nexus/buildsupport/nexus-buildsupport-maven/2.14.3-02/nexus-buildsupport-maven-2.14.3-02.pom
[INFO] Downloaded: https://repository.sonatype.org/content/groups/sonatype-public-grid/org/sonatype/nexus/buildsupport/nexus-buildsupport-maven/2.14.3-02/nexus-buildsupport-maven-2.14.3-02.pom (7 KB at 31.7 KB/sec)
[INFO] Downloading: https://repository.sonatype.org/content/groups/sonatype-public-grid/org/sonatype/nexus/buildsupport/nexus-buildsupport-messaging/2.14.3-02/nexus-buildsupport-messaging-2.14.3-02.pom
[INFO] Downloaded: https://repository.sonatype.org/content/groups/sonatype-public-grid/org/sonatype/nexus/buildsupport/nexus-buildsupport-messaging/2.14.3-02/nexus-buildsupport-messaging-2.14.3-02.pom (5 KB at 21.3 KB/sec)
[INFO] Downloading: https://repository.sonatype.org/content/groups/sonatype-public-grid/org/sonatype/nexus/buildsupport/nexus-buildsupport-shiro/2.14.3-02/nexus-buildsupport-shiro-2.14.3-02.pom
[INFO] Downloaded: https://repository.sonatype.org/content/groups/sonatype-public-grid/org/sonatype/nexus/buildsupport/nexus-buildsupport-shiro/2.14.3-02/nexus-buildsupport-shiro-2.14.3-02.pom (4 KB at 15.4 KB/sec)
[INFO] Downloading: https://repository.sonatype.org/content/groups/sonatype-public-grid/org/sonatype/nexus/buildsupport/nexus-buildsupport-bouncycastle/2.14.3-02/nexus-buildsupport-bouncycastle-2.14.3-02.pom
[INFO] Downloaded: https://repository.sonatype.org/content/groups/sonatype-public-grid/org/sonatype/nexus/buildsupport/nexus-buildsupport-bouncycastle/2.14.3-02/nexus-buildsupport-bouncycastle-2.14.3-02.pom (3 KB at 9.4 KB/sec)
[INFO] Downloading: https://repository.sonatype.org/content/groups/sonatype-public-grid/org/sonatype/nexus/buildsupport/nexus-buildsupport-jetty/2.14.3-02/nexus-buildsupport-jetty-2.14.3-02.pom
[INFO] Downloaded: https://repository.sonatype.org/content/groups/sonatype-public-grid/org/sonatype/nexus/buildsupport/nexus-buildsupport-jetty/2.14.3-02/nexus-buildsupport-jetty-2.14.3-02.pom (5 KB at 20.0 KB/sec)
[INFO] Downloading: https://repository.sonatype.org/content/groups/sonatype-public-grid/org/sonatype/nexus/buildsupport/nexus-buildsupport-goodies/2.14.3-02/nexus-buildsupport-goodies-2.14.3-02.pom
[INFO] Downloaded: https://repository.sonatype.org/content/groups/sonatype-public-grid/org/sonatype/nexus/buildsupport/nexus-buildsupport-goodies/2.14.3-02/nexus-buildsupport-goodies-2.14.3-02.pom (4 KB at 15.7 KB/sec)
[INFO] Downloading: https://repository.sonatype.org/content/groups/sonatype-public-grid/org/sonatype/nexus/buildsupport/nexus-buildsupport-groovy/2.14.3-02/nexus-buildsupport-groovy-2.14.3-02.pom
[INFO] Downloaded: https://repository.sonatype.org/content/groups/sonatype-public-grid/org/sonatype/nexus/buildsupport/nexus-buildsupport-groovy/2.14.3-02/nexus-buildsupport-groovy-2.14.3-02.pom (4 KB at 13.8 KB/sec)
[INFO] Downloading: https://repository.sonatype.org/content/groups/sonatype-public-grid/org/sonatype/nexus/buildsupport/nexus-buildsupport-guice/2.14.3-02/nexus-buildsupport-guice-2.14.3-02.pom
[INFO] Downloaded: https://repository.sonatype.org/content/groups/sonatype-public-grid/org/sonatype/nexus/buildsupport/nexus-buildsupport-guice/2.14.3-02/nexus-buildsupport-guice-2.14.3-02.pom (4 KB at 16.2 KB/sec)
[INFO] Downloading: https://repository.sonatype.org/content/groups/sonatype-public-grid/org/sonatype/nexus/buildsupport/nexus-buildsupport-logging/2.14.3-02/nexus-buildsupport-logging-2.14.3-02.pom
[INFO] Downloaded: https://repository.sonatype.org/content/groups/sonatype-public-grid/org/sonatype/nexus/buildsupport/nexus-buildsupport-logging/2.14.3-02/nexus-buildsupport-logging-2.14.3-02.pom (4 KB at 14.6 KB/sec)
[INFO] Downloading: https://repository.sonatype.org/content/groups/sonatype-public-grid/org/sonatype/nexus/buildsupport/nexus-buildsupport-osgi/2.14.3-02/nexus-buildsupport-osgi-2.14.3-02.pom
[INFO] Downloaded: https://repository.sonatype.org/content/groups/sonatype-public-grid/org/sonatype/nexus/buildsupport/nexus-buildsupport-osgi/2.14.3-02/nexus-buildsupport-osgi-2.14.3-02.pom (2 KB at 9.2 KB/sec)
[INFO] Downloading: https://repository.sonatype.org/content/groups/sonatype-public-grid/org/sonatype/nexus/buildsupport/nexus-buildsupport-other/2.14.3-02/nexus-buildsupport-other-2.14.3-02.pom
[INFO] Downloaded: https://repository.sonatype.org/content/groups/sonatype-public-grid/org/sonatype/nexus/buildsupport/nexus-buildsupport-other/2.14.3-02/nexus-buildsupport-other-2.14.3-02.pom (7 KB at 30.5 KB/sec)
[INFO] Downloading: https://repository.sonatype.org/content/groups/sonatype-public-grid/org/sonatype/nexus/buildsupport/nexus-buildsupport-plexus/2.14.3-02/nexus-buildsupport-plexus-2.14.3-02.pom
[INFO] Downloaded: https://repository.sonatype.org/content/groups/sonatype-public-grid/org/sonatype/nexus/buildsupport/nexus-buildsupport-plexus/2.14.3-02/nexus-buildsupport-plexus-2.14.3-02.pom (5 KB at 19.9 KB/sec)
[INFO] Downloading: https://repository.sonatype.org/content/groups/sonatype-public-grid/org/sonatype/nexus/buildsupport/nexus-buildsupport-rest/2.14.3-02/nexus-buildsupport-rest-2.14.3-02.pom
[INFO] Downloaded: https://repository.sonatype.org/content/groups/sonatype-public-grid/org/sonatype/nexus/buildsupport/nexus-buildsupport-rest/2.14.3-02/nexus-buildsupport-rest-2.14.3-02.pom (5 KB at 22.7 KB/sec)
[INFO] Downloading: https://repository.sonatype.org/content/groups/sonatype-public-grid/org/sonatype/nexus/buildsupport/nexus-buildsupport-testing/2.14.3-02/nexus-buildsupport-testing-2.14.3-02.pom
[INFO] Downloaded: https://repository.sonatype.org/content/groups/sonatype-public-grid/org/sonatype/nexus/buildsupport/nexus-buildsupport-testing/2.14.3-02/nexus-buildsupport-testing-2.14.3-02.pom (5 KB at 22.5 KB/sec)
[INFO] Downloading: https://repository.sonatype.org/content/groups/sonatype-public-grid/org/sonatype/nexus/buildsupport/nexus-buildsupport-metrics/2.14.3-02/nexus-buildsupport-metrics-2.14.3-02.pom
[INFO] Downloaded: https://repository.sonatype.org/content/groups/sonatype-public-grid/org/sonatype/nexus/buildsupport/nexus-buildsupport-metrics/2.14.3-02/nexus-buildsupport-metrics-2.14.3-02.pom (3 KB at 13.5 KB/sec)
[INFO] Downloading: https://repo.maven.apache.org/maven2/org/sonatype/nexus/plugins/nexus-restlet1x-model/2.14.3-02/nexus-restlet1x-model-2.14.3-02.pom
[INFO] Downloaded: https://repo.maven.apache.org/maven2/org/sonatype/nexus/plugins/nexus-restlet1x-model/2.14.3-02/nexus-restlet1x-model-2.14.3-02.pom (4 KB at 163.7 KB/sec)
[INFO] Downloading: https://repo.maven.apache.org/maven2/org/sonatype/nexus/plugins/nexus-plugins-restlet1x/2.14.3-02/nexus-plugins-restlet1x-2.14.3-02.pom
[INFO] Downloaded: https://repo.maven.apache.org/maven2/org/sonatype/nexus/plugins/nexus-plugins-restlet1x/2.14.3-02/nexus-plugins-restlet1x-2.14.3-02.pom (6 KB at 308.5 KB/sec)
[INFO] Downloading: https://repo.maven.apache.org/maven2/org/sonatype/nexus/plugins/nexus-plugins/2.14.3-02/nexus-plugins-2.14.3-02.pom
[INFO] Downloaded: https://repo.maven.apache.org/maven2/org/sonatype/nexus/plugins/nexus-plugins/2.14.3-02/nexus-plugins-2.14.3-02.pom (32 KB at 1309.5 KB/sec)
[INFO] Downloading: https://repo.maven.apache.org/maven2/org/sonatype/plugins/nexus-staging-maven-plugin/1.6.8/nexus-staging-maven-plugin-1.6.8.jar
[INFO] Downloading: https://repo.maven.apache.org/maven2/org/sonatype/nexus/maven/nexus-common/1.6.8/nexus-common-1.6.8.jar
[INFO] Downloading: https://repo.maven.apache.org/maven2/org/sonatype/nexus/nexus-client-core/2.14.3-02/nexus-client-core-2.14.3-02.jar
[INFO] Downloading: https://repo.maven.apache.org/maven2/org/sonatype/nexus/plugins/nexus-restlet1x-model/2.14.3-02/nexus-restlet1x-model-2.14.3-02.jar
[INFO] Downloaded: https://repo.maven.apache.org/maven2/org/sonatype/nexus/maven/nexus-common/1.6.8/nexus-common-1.6.8.jar (16 KB at 354.4 KB/sec)
[INFO] Downloaded: https://repo.maven.apache.org/maven2/org/sonatype/nexus/plugins/nexus-restlet1x-model/2.14.3-02/nexus-restlet1x-model-2.14.3-02.jar (160 KB at 2794.3 KB/sec)
[INFO] Downloaded: https://repo.maven.apache.org/maven2/org/sonatype/plugins/nexus-staging-maven-plugin/1.6.8/nexus-staging-maven-plugin-1.6.8.jar (245 KB at 4077.7 KB/sec)
[INFO] Downloaded: https://repo.maven.apache.org/maven2/org/sonatype/nexus/nexus-client-core/2.14.3-02/nexus-client-core-2.14.3-02.jar (211 KB at 3346.3 KB/sec)
[INFO] Inspecting build with total of 3 modules...
[INFO] Installing Nexus Staging features:
[INFO]   ... total of 1 executions of maven-deploy-plugin replaced with nexus-staging-maven-plugin
[INFO] ------------------------------------------------------------------------
[INFO] Reactor Build Order:
[INFO] 
[INFO] Java Dns Cache Manipulator(DCM) Lib
[INFO] Java Dns Cache Manipulator(DCM) Tool
[INFO] dns-cache-manipulator-parent
[INFO]                                                                         
[INFO] ------------------------------------------------------------------------
[INFO] Building Java Dns Cache Manipulator(DCM) Lib 1.6.0-SNAPSHOT
[INFO] ------------------------------------------------------------------------
[INFO] 
[INFO] --- maven-resources-plugin:2.6:resources (default-resources) @ dns-cache-manipulator ---
[INFO] Using 'UTF-8' encoding to copy filtered resources.
[INFO] skip non existing resourceDirectory /root/workspace/alibaba/java-dns-cache-manipulator/205518188/library/src/main/resources
[INFO] 
[INFO] --- maven-compiler-plugin:3.6.1:compile (default-compile) @ dns-cache-manipulator ---
[INFO] Changes detected - recompiling the module!
[INFO] Compiling 10 source files to /root/workspace/alibaba/java-dns-cache-manipulator/205518188/library/target/classes
[WARNING] /root/workspace/alibaba/java-dns-cache-manipulator/205518188/library/src/main/java/com/alibaba/dcm/internal/IpParserUtil.java:[3,20] sun.net.util.IPAddressUtil is internal proprietary API and may be removed in a future release
[WARNING] /root/workspace/alibaba/java-dns-cache-manipulator/205518188/library/src/main/java/com/alibaba/dcm/internal/InetAddressCacheUtil.java:[20,15] sun.net.InetAddressCachePolicy is internal proprietary API and may be removed in a future release
[WARNING] /root/workspace/alibaba/java-dns-cache-manipulator/205518188/library/src/main/java/com/alibaba/dcm/internal/IpParserUtil.java:[27,30] sun.net.util.IPAddressUtil is internal proprietary API and may be removed in a future release
[WARNING] /root/workspace/alibaba/java-dns-cache-manipulator/205518188/library/src/main/java/com/alibaba/dcm/internal/IpParserUtil.java:[32,23] sun.net.util.IPAddressUtil is internal proprietary API and may be removed in a future release
[WARNING] /root/workspace/alibaba/java-dns-cache-manipulator/205518188/library/src/main/java/com/alibaba/dcm/internal/InetAddressCacheUtil.java:[285,16] sun.net.InetAddressCachePolicy is internal proprietary API and may be removed in a future release
[WARNING] /root/workspace/alibaba/java-dns-cache-manipulator/205518188/library/src/main/java/com/alibaba/dcm/internal/InetAddressCacheUtil.java:[306,16] sun.net.InetAddressCachePolicy is internal proprietary API and may be removed in a future release
[WARNING] /root/workspace/alibaba/java-dns-cache-manipulator/205518188/library/src/main/java/com/alibaba/dcm/internal/InetAddressCacheUtil.java:[319,32] sun.net.InetAddressCachePolicy is internal proprietary API and may be removed in a future release
[WARNING] /root/workspace/alibaba/java-dns-cache-manipulator/205518188/library/src/main/java/com/alibaba/dcm/internal/InetAddressCacheUtil.java:[355,23] sun.net.InetAddressCachePolicy is internal proprietary API and may be removed in a future release
[INFO] 
[INFO] --- maven-resources-plugin:2.6:testResources (default-testResources) @ dns-cache-manipulator ---
[INFO] Using 'UTF-8' encoding to copy filtered resources.
[INFO] Copying 5 resources
[INFO] 
[INFO] --- maven-compiler-plugin:3.6.1:testCompile (default-testCompile) @ dns-cache-manipulator ---
[INFO] Changes detected - recompiling the module!
[INFO] Compiling 6 source files to /root/workspace/alibaba/java-dns-cache-manipulator/205518188/library/target/test-classes
[INFO] /root/workspace/alibaba/java-dns-cache-manipulator/205518188/library/src/test/java/com/alibaba/dcm/DnsCacheManipulatorTest.java: Some input files use or override a deprecated API.
[INFO] /root/workspace/alibaba/java-dns-cache-manipulator/205518188/library/src/test/java/com/alibaba/dcm/DnsCacheManipulatorTest.java: Recompile with -Xlint:deprecation for details.
[INFO] 
[INFO] --- maven-surefire-plugin:2.12.4:test (default-test) @ dns-cache-manipulator ---
[INFO] Tests are skipped.
[INFO] 
[INFO] --- maven-jar-plugin:3.0.2:jar (default-jar) @ dns-cache-manipulator ---
[INFO] Building jar: /root/workspace/alibaba/java-dns-cache-manipulator/205518188/library/target/dns-cache-manipulator-1.6.0-SNAPSHOT.jar
[INFO] 
[INFO] --- maven-install-plugin:2.4:install (default-install) @ dns-cache-manipulator ---
[INFO] Installing /root/workspace/alibaba/java-dns-cache-manipulator/205518188/library/target/dns-cache-manipulator-1.6.0-SNAPSHOT.jar to /root/./workspace/alibaba/java-dns-cache-manipulator/205518188/.m2/com/alibaba/dns-cache-manipulator/1.6.0-SNAPSHOT/dns-cache-manipulator-1.6.0-SNAPSHOT.jar
[INFO] Installing /root/workspace/alibaba/java-dns-cache-manipulator/205518188/library/pom.xml to /root/./workspace/alibaba/java-dns-cache-manipulator/205518188/.m2/com/alibaba/dns-cache-manipulator/1.6.0-SNAPSHOT/dns-cache-manipulator-1.6.0-SNAPSHOT.pom
[INFO]                                                                         
[INFO] ------------------------------------------------------------------------
[INFO] Building Java Dns Cache Manipulator(DCM) Tool 1.6.0-SNAPSHOT
[INFO] ------------------------------------------------------------------------
[INFO] 
[INFO] --- maven-resources-plugin:2.6:resources (default-resources) @ dns-cache-manipulator-tool ---
[INFO] Using 'UTF-8' encoding to copy filtered resources.
[INFO] skip non existing resourceDirectory /root/workspace/alibaba/java-dns-cache-manipulator/205518188/tool/src/main/resources
[INFO] 
[INFO] --- maven-compiler-plugin:3.6.1:compile (default-compile) @ dns-cache-manipulator-tool ---
[INFO] Nothing to compile - all classes are up to date
[INFO] 
[INFO] --- maven-resources-plugin:2.6:testResources (default-testResources) @ dns-cache-manipulator-tool ---
[INFO] Using 'UTF-8' encoding to copy filtered resources.
[INFO] skip non existing resourceDirectory /root/workspace/alibaba/java-dns-cache-manipulator/205518188/tool/src/test/resources
[INFO] 
[INFO] --- maven-compiler-plugin:3.6.1:testCompile (default-testCompile) @ dns-cache-manipulator-tool ---
[INFO] Nothing to compile - all classes are up to date
[INFO] 
[INFO] --- maven-surefire-plugin:2.12.4:test (default-test) @ dns-cache-manipulator-tool ---
[INFO] Tests are skipped.
[INFO] 
[INFO] --- maven-jar-plugin:2.4:jar (default-jar) @ dns-cache-manipulator-tool ---
[INFO] 
[INFO] --- maven-assembly-plugin:3.0.0:single (tgz-assembly) @ dns-cache-manipulator-tool ---
[INFO] Reading assembly descriptor: assembly.xml
[INFO] Building tar: /root/workspace/alibaba/java-dns-cache-manipulator/205518188/tool/target/dcm-1.6.0-SNAPSHOT.tar.gz
[INFO] 
[INFO] --- maven-install-plugin:2.4:install (default-install) @ dns-cache-manipulator-tool ---
[INFO] Installing /root/workspace/alibaba/java-dns-cache-manipulator/205518188/tool/target/dns-cache-manipulator-tool-1.6.0-SNAPSHOT.jar to /root/./workspace/alibaba/java-dns-cache-manipulator/205518188/.m2/com/alibaba/dns-cache-manipulator-tool/1.6.0-SNAPSHOT/dns-cache-manipulator-tool-1.6.0-SNAPSHOT.jar
[INFO] Installing /root/workspace/alibaba/java-dns-cache-manipulator/205518188/tool/pom.xml to /root/./workspace/alibaba/java-dns-cache-manipulator/205518188/.m2/com/alibaba/dns-cache-manipulator-tool/1.6.0-SNAPSHOT/dns-cache-manipulator-tool-1.6.0-SNAPSHOT.pom
[INFO] Installing /root/workspace/alibaba/java-dns-cache-manipulator/205518188/tool/target/dcm-1.6.0-SNAPSHOT.tar.gz to /root/./workspace/alibaba/java-dns-cache-manipulator/205518188/.m2/com/alibaba/dns-cache-manipulator-tool/1.6.0-SNAPSHOT/dns-cache-manipulator-tool-1.6.0-SNAPSHOT.tar.gz
[INFO]                                                                         
[INFO] ------------------------------------------------------------------------
[INFO] Building dns-cache-manipulator-parent 1.6.0-SNAPSHOT
[INFO] ------------------------------------------------------------------------
[INFO] 
[INFO] --- maven-install-plugin:2.4:install (default-install) @ dns-cache-manipulator-parent ---
[INFO] Installing /root/workspace/alibaba/java-dns-cache-manipulator/205518188/pom.xml to /root/./workspace/alibaba/java-dns-cache-manipulator/205518188/.m2/com/alibaba/dns-cache-manipulator-parent/1.6.0-SNAPSHOT/dns-cache-manipulator-parent-1.6.0-SNAPSHOT.pom
[INFO] ------------------------------------------------------------------------
[INFO] Reactor Summary:
[INFO] 
[INFO] Java Dns Cache Manipulator(DCM) Lib ................ SUCCESS [  1.312 s]
[INFO] Java Dns Cache Manipulator(DCM) Tool ............... SUCCESS [  0.728 s]
[INFO] dns-cache-manipulator-parent ....................... SUCCESS [  0.003 s]
[INFO] ------------------------------------------------------------------------
[INFO] BUILD SUCCESS
[INFO] ------------------------------------------------------------------------
[INFO] Total time: 8.490 s
[INFO] Finished at: 2017-08-29T13:30:52+02:00
[INFO] Final Memory: 30M/975M
[INFO] ------------------------------------------------------------------------
